unityLibrary/build/intermediates/manifest_merge_blame_file/debug/manifest-merger-blame-debug-report.txt
1<?xml version="1.0" encoding="utf-8"?>
2<!-- GENERATED BY UNITY. REMOVE THIS COMMENT TO PREVENT OVERWRITING WHEN EXPORTING AGAIN -->
3<manifest xmlns:android="http://schemas.android.com/apk/res/android"
4    xmlns:tools="http://schemas.android.com/tools"
5    package="com.unity3d.player"
6    android:versionCode="1"
7    android:versionName="1.0" >
8
9    <uses-sdk
10        android:minSdkVersion="21"
10-->src/main/AndroidManifest.xml
11        android:targetSdkVersion="29" />
11-->src/main/AndroidManifest.xml
12
13    <uses-feature android:glEsVersion="0x00030000" />
13-->src/main/AndroidManifest.xml:19:3-52
13-->src/main/AndroidManifest.xml:19:17-49
14    <uses-feature
14-->src/main/AndroidManifest.xml:20:3-91
15        android:name="android.hardware.vulkan.version"
15-->src/main/AndroidManifest.xml:20:17-63
16        android:required="false" />
16-->src/main/AndroidManifest.xml:20:64-88
17
18    <uses-permission android:name="android.permission.INTERNET" />
18-->src/main/AndroidManifest.xml:21:3-65
18-->src/main/AndroidManifest.xml:21:20-62
19
20    <uses-feature
20-->src/main/AndroidManifest.xml:22:3-88
21        android:name="android.hardware.touchscreen"
21-->src/main/AndroidManifest.xml:22:17-60
22        android:required="false" />
22-->src/main/AndroidManifest.xml:22:61-85
23    <uses-feature
23-->src/main/AndroidManifest.xml:23:3-99
24        android:name="android.hardware.touchscreen.multitouch"
24-->src/main/AndroidManifest.xml:23:17-71
25        android:required="false" />
25-->src/main/AndroidManifest.xml:23:72-96
26    <uses-feature
26-->src/main/AndroidManifest.xml:24:3-108
27        android:name="android.hardware.touchscreen.multitouch.distinct"
27-->src/main/AndroidManifest.xml:24:17-80
28        android:required="false" />
28-->src/main/AndroidManifest.xml:24:81-105
29
30    <application>
30-->src/main/AndroidManifest.xml:4:3-18:17
31        <activity
31-->src/main/AndroidManifest.xml:5:5-13:16
32            android:name="com.unity3d.player.UnityPlayerActivity"
32-->src/main/AndroidManifest.xml:5:15-68
33            android:configChanges="mcc|mnc|locale|touchscreen|keyboard|keyboardHidden|navigation|orientation|screenLayout|uiMode|screenSize|smallestScreenSize|fontScale|layoutDirection|density"
33-->src/main/AndroidManifest.xml:6:122-303
34            android:hardwareAccelerated="false"
34-->src/main/AndroidManifest.xml:6:304-339
35            android:launchMode="singleTask"
35-->src/main/AndroidManifest.xml:6:90-121
36            android:screenOrientation="fullSensor"
36-->src/main/AndroidManifest.xml:6:51-89
37            android:theme="@style/UnityThemeSelector" >
37-->src/main/AndroidManifest.xml:6:9-50
38
39            <!-- <intent-filter> -->
40            <!-- <action android:name="android.intent.action.MAIN" /> -->
41            <!-- <category android:name="android.intent.category.LAUNCHER" /> -->
42            <!-- </intent-filter> -->
43            <meta-data
43-->src/main/AndroidManifest.xml:11:7-82
44                android:name="unityplayer.UnityActivity"
44-->src/main/AndroidManifest.xml:11:18-58
45                android:value="true" />
45-->src/main/AndroidManifest.xml:11:59-79
46            <meta-data
46-->src/main/AndroidManifest.xml:12:7-78
47                android:name="android.notch_support"
47-->src/main/AndroidManifest.xml:12:18-54
48                android:value="true" />
48-->src/main/AndroidManifest.xml:12:55-75
49        </activity>
50
51        <meta-data
51-->src/main/AndroidManifest.xml:14:5-69
52            android:name="unity.splash-mode"
52-->src/main/AndroidManifest.xml:14:16-48
53            android:value="0" />
53-->src/main/AndroidManifest.xml:14:49-66
54        <meta-data
54-->src/main/AndroidManifest.xml:15:5-74
55            android:name="unity.splash-enable"
55-->src/main/AndroidManifest.xml:15:16-50
56            android:value="True" />
56-->src/main/AndroidManifest.xml:15:51-71
57        <meta-data
57-->src/main/AndroidManifest.xml:16:5-81
58            android:name="notch.config"
58-->src/main/AndroidManifest.xml:16:16-43
59            android:value="portrait|landscape" />
59-->src/main/AndroidManifest.xml:16:44-78
60        <meta-data
60-->src/main/AndroidManifest.xml:17:5-101
61            android:name="unity.build-id"
61-->src/main/AndroidManifest.xml:17:16-45
62            android:value="719ebfd7-03e6-4aea-b1ac-30b4b27bb441" />
62-->src/main/AndroidManifest.xml:17:46-98
63    </application>
64
65</manifest>